<?xml version="1.0" encoding="UTF-8"?>
<!-- Generated by org.testng.reporters.JUnitReportReporter -->
<testsuite hostname="DESKTOP-3EH4CFI" failures="0" tests="1" name="com.tutorialsninja.qa.testcases.Demo" time="15.163" errors="0" timestamp="2023-11-22T15:44:30 IST" skipped="0">
  <testcase classname="com.tutorialsninja.qa.testcases.Demo" name="Dk" time="15.163"/>
  <system-out/>
</testsuite> <!-- com.tutorialsninja.qa.testcases.Demo -->
