<?xml version="1.0" encoding="UTF-8"?>
<!-- Generated by org.testng.reporters.JUnitReportReporter -->
<testsuite hostname="DESKTOP-3EH4CFI" failures="0" tests="1" name="com.tutorialsninja.qa.testcases.LoginTest" time="8.375" errors="0" timestamp="2023-12-15T23:16:07 IST" skipped="0">
  <testcase classname="com.tutorialsninja.qa.testcases.LoginTest" name="verifyLoginWithValidCresentials" time="8.375"/>
  <system-out/>
</testsuite> <!-- com.tutorialsninja.qa.testcases.LoginTest -->
