<?xml version="1.0" encoding="UTF-8"?>
<!-- Generated by org.testng.reporters.JUnitReportReporter -->
<testsuite hostname="DESKTOP-3EH4CFI" failures="0" tests="1" name="com.tutorialsninja.qa.testcases.HomeTest" time="8.960" errors="0" timestamp="2023-12-15T15:44:11 IST" skipped="0">
  <testcase classname="com.tutorialsninja.qa.testcases.HomeTest" name="checkingElementDisplayedAndEnabled" time="8.960"/>
  <system-out/>
</testsuite> <!-- com.tutorialsninja.qa.testcases.HomeTest -->
