<?xml version="1.0" encoding="UTF-8"?>
<!-- Generated by org.testng.reporters.JUnitReportReporter -->
<testsuite hostname="DESKTOP-3EH4CFI" failures="0" tests="1" name="com.tutorialsninja.qa.testcases.Search" time="20.204" errors="0" timestamp="2023-11-22T15:39:02 IST" skipped="0">
  <testcase classname="com.tutorialsninja.qa.testcases.Search" name="verifyProductSearch" time="20.204"/>
  <system-out/>
</testsuite> <!-- com.tutorialsninja.qa.testcases.Search -->
